Copyright 1986-2021 Xilinx, Inc. All Rights Reserved.
------------------------------------------------------------------------------------
| Tool Version : Vivado v.2021.2 (lin64) Build 3367213 Tue Oct 19 02:47:39 MDT 2021
| Date         : Thu May 15 03:11:56 2025
| Host         : hp running 64-bit Ubuntu 20.04.6 LTS
| Command      : upgrade_ip
| Device       : xcku5p-ffvb676-2-i
------------------------------------------------------------------------------------

Upgrade Log for IP 'floating_point_3'

1. Summary
----------

SUCCESS in the conversion of floating_point_3 (xilinx.com:ip:floating_point:7.1 (Rev. 13)) to Vivado generation flows.






Copyright 1986-2021 Xilinx, Inc. All Rights Reserved.
------------------------------------------------------------------------------------
| Tool Version : Vivado v.2021.2 (lin64) Build 3367213 Tue Oct 19 02:47:39 MDT 2021
| Date         : Thu May 15 03:11:47 2025
| Host         : hp running 64-bit Ubuntu 20.04.6 LTS
| Command      : upgrade_ip
| Device       : xcku5p-ffvb676-2-i
------------------------------------------------------------------------------------

Upgrade Log for IP 'floating_point_0'

1. Summary
----------

SUCCESS in the conversion of floating_point_0 (xilinx.com:ip:floating_point:7.1 (Rev. 13)) to Vivado generation flows.






Copyright 1986-2021 Xilinx, Inc. All Rights Reserved.
------------------------------------------------------------------------------------
| Tool Version : Vivado v.2021.2 (lin64) Build 3367213 Tue Oct 19 02:47:39 MDT 2021
| Date         : Thu May 15 03:03:54 2025
| Host         : hp running 64-bit Ubuntu 20.04.6 LTS
| Command      : upgrade_ip
| Device       : xcku5p-ffvb676-2-i
------------------------------------------------------------------------------------

Upgrade Log for IP 'floating_point_1'

1. Summary
----------

SUCCESS in the conversion of floating_point_1 (xilinx.com:ip:floating_point:7.1 (Rev. 13)) to Vivado generation flows.






Copyright 1986-2021 Xilinx, Inc. All Rights Reserved.
------------------------------------------------------------------------------------
| Tool Version : Vivado v.2021.2 (lin64) Build 3367213 Tue Oct 19 02:47:39 MDT 2021
| Date         : Thu May 15 03:03:43 2025
| Host         : hp running 64-bit Ubuntu 20.04.6 LTS
| Command      : upgrade_ip
| Device       : xcku5p-ffvb676-2-i
------------------------------------------------------------------------------------

Upgrade Log for IP 'floating_point_2'

1. Summary
----------

SUCCESS in the conversion of floating_point_2 (xilinx.com:ip:floating_point:7.1 (Rev. 13)) to Vivado generation flows.






Copyright 1986-2021 Xilinx, Inc. All Rights Reserved.
------------------------------------------------------------------------------------
| Tool Version : Vivado v.2021.2 (lin64) Build 3367213 Tue Oct 19 02:47:39 MDT 2021
| Date         : Mon Apr 28 11:59:47 2025
| Host         : hp running 64-bit Ubuntu 20.04.6 LTS
| Command      : upgrade_ip
| Device       : xc7k325tffg900-2
------------------------------------------------------------------------------------

Upgrade Log for IP 'floating_point_2'

1. Summary
----------

SUCCESS in the conversion of floating_point_2 (xilinx.com:ip:floating_point:7.1 (Rev. 13)) to Vivado generation flows.






Copyright 1986-2021 Xilinx, Inc. All Rights Reserved.
------------------------------------------------------------------------------------
| Tool Version : Vivado v.2021.2 (lin64) Build 3367213 Tue Oct 19 02:47:39 MDT 2021
| Date         : Mon Apr 28 11:59:36 2025
| Host         : hp running 64-bit Ubuntu 20.04.6 LTS
| Command      : upgrade_ip
| Device       : xc7k325tffg900-2
------------------------------------------------------------------------------------

Upgrade Log for IP 'floating_point_1'

1. Summary
----------

SUCCESS in the conversion of floating_point_1 (xilinx.com:ip:floating_point:7.1 (Rev. 13)) to Vivado generation flows.






Copyright 1986-2021 Xilinx, Inc. All Rights Reserved.
------------------------------------------------------------------------------------
| Tool Version : Vivado v.2021.2 (lin64) Build 3367213 Tue Oct 19 02:47:39 MDT 2021
| Date         : Mon Apr 28 11:59:24 2025
| Host         : hp running 64-bit Ubuntu 20.04.6 LTS
| Command      : upgrade_ip
| Device       : xc7k325tffg900-2
------------------------------------------------------------------------------------

Upgrade Log for IP 'floating_point_0'

1. Summary
----------

SUCCESS in the conversion of floating_point_0 (xilinx.com:ip:floating_point:7.1 (Rev. 13)) to Vivado generation flows.

